Copyright 1986-2019 Xilinx, Inc. All Rights Reserved.
---------------------------------------------------------------------------------------------------------------------
| Tool Version : Vivado v.2018.3.1 (win64) Build 2489853 Tue Mar 26 04:20:25 MDT 2019
| Date         : Fri Mar 29 18:51:59 2024
| Host         : BA3135WS39 running 64-bit major release  (build 9200)
| Command      : report_utilization -file fft_axi_v1_0_utilization_placed.rpt -pb fft_axi_v1_0_utilization_placed.pb
| Design       : fft_axi_v1_0
| Device       : 7a200tsbg484-1
| Design State : Fully Placed
---------------------------------------------------------------------------------------------------------------------

Utilization Design Information

Table of Contents
-----------------
1. Slice Logic
1.1 Summary of Registers by Type
2. Slice Logic Distribution
3. Memory
4. DSP
5. IO and GT Specific
6. Clocking
7. Specific Feature
8. Primitives
9. Black Boxes
10. Instantiated Netlists

1. Slice Logic
--------------

+-------------------------+------+-------+-----------+-------+
|        Site Type        | Used | Fixed | Available | Util% |
+-------------------------+------+-------+-----------+-------+
| Slice LUTs              | 9200 |     0 |    133800 |  6.88 |
|   LUT as Logic          | 9200 |     0 |    133800 |  6.88 |
|   LUT as Memory         |    0 |     0 |     46200 |  0.00 |
| Slice Registers         | 3334 |     0 |    267600 |  1.25 |
|   Register as Flip Flop | 3334 |     0 |    267600 |  1.25 |
|   Register as Latch     |    0 |     0 |    267600 |  0.00 |
| F7 Muxes                |  472 |     0 |     66900 |  0.71 |
| F8 Muxes                |  233 |     0 |     33450 |  0.70 |
+-------------------------+------+-------+-----------+-------+


1.1 Summary of Registers by Type
--------------------------------

+-------+--------------+-------------+--------------+
| Total | Clock Enable | Synchronous | Asynchronous |
+-------+--------------+-------------+--------------+
| 0     |            _ |           - |            - |
| 0     |            _ |           - |          Set |
| 0     |            _ |           - |        Reset |
| 0     |            _ |         Set |            - |
| 0     |            _ |       Reset |            - |
| 0     |          Yes |           - |            - |
| 0     |          Yes |           - |          Set |
| 0     |          Yes |           - |        Reset |
| 1     |          Yes |         Set |            - |
| 3333  |          Yes |       Reset |            - |
+-------+--------------+-------------+--------------+


2. Slice Logic Distribution
---------------------------

+--------------------------------------------+------+-------+-----------+-------+
|                  Site Type                 | Used | Fixed | Available | Util% |
+--------------------------------------------+------+-------+-----------+-------+
| Slice                                      | 2564 |     0 |     33450 |  7.67 |
|   SLICEL                                   | 1375 |     0 |           |       |
|   SLICEM                                   | 1189 |     0 |           |       |
| LUT as Logic                               | 9200 |     0 |    133800 |  6.88 |
|   using O5 output only                     |    0 |       |           |       |
|   using O6 output only                     | 9099 |       |           |       |
|   using O5 and O6                          |  101 |       |           |       |
| LUT as Memory                              |    0 |     0 |     46200 |  0.00 |
|   LUT as Distributed RAM                   |    0 |     0 |           |       |
|   LUT as Shift Register                    |    0 |     0 |           |       |
| Slice Registers                            | 3334 |     0 |    267600 |  1.25 |
|   Register driven from within the Slice    | 3232 |       |           |       |
|   Register driven from outside the Slice   |  102 |       |           |       |
|     LUT in front of the register is unused |   69 |       |           |       |
|     LUT in front of the register is used   |   33 |       |           |       |
| Unique Control Sets                        |   24 |       |     33450 |  0.07 |
+--------------------------------------------+------+-------+-----------+-------+
* Note: Available Control Sets calculated as Slice Registers / 8, Review the Control Sets Report for more information regarding control sets.


3. Memory
---------

+----------------+------+-------+-----------+-------+
|    Site Type   | Used | Fixed | Available | Util% |
+----------------+------+-------+-----------+-------+
| Block RAM Tile |    0 |     0 |       365 |  0.00 |
|   RAMB36/FIFO* |    0 |     0 |       365 |  0.00 |
|   RAMB18       |    0 |     0 |       730 |  0.00 |
+----------------+------+-------+-----------+-------+
* Note: Each Block RAM Tile only has one FIFO logic available and therefore can accommodate only one FIFO36E1 or one FIFO18E1. However, if a FIFO18E1 occupies a Block RAM Tile, that tile can still accommodate a RAMB18E1


4. DSP
------

+----------------+------+-------+-----------+-------+
|    Site Type   | Used | Fixed | Available | Util% |
+----------------+------+-------+-----------+-------+
| DSPs           |  576 |     0 |       740 | 77.84 |
|   DSP48E1 only |  576 |       |           |       |
+----------------+------+-------+-----------+-------+


5. IO and GT Specific
---------------------

+-----------------------------+------+-------+-----------+-------+
|          Site Type          | Used | Fixed | Available | Util% |
+-----------------------------+------+-------+-----------+-------+
| Bonded IOB                  |   88 |     0 |       285 | 30.88 |
|   IOB Master Pads           |   42 |       |           |       |
|   IOB Slave Pads            |   43 |       |           |       |
| Bonded IPADs                |    0 |     0 |        14 |  0.00 |
| Bonded OPADs                |    0 |     0 |         8 |  0.00 |
| PHY_CONTROL                 |    0 |     0 |        10 |  0.00 |
| PHASER_REF                  |    0 |     0 |        10 |  0.00 |
| OUT_FIFO                    |    0 |     0 |        40 |  0.00 |
| IN_FIFO                     |    0 |     0 |        40 |  0.00 |
| IDELAYCTRL                  |    0 |     0 |        10 |  0.00 |
| IBUFDS                      |    0 |     0 |       274 |  0.00 |
| GTPE2_CHANNEL               |    0 |     0 |         4 |  0.00 |
| PHASER_OUT/PHASER_OUT_PHY   |    0 |     0 |        40 |  0.00 |
| PHASER_IN/PHASER_IN_PHY     |    0 |     0 |        40 |  0.00 |
| IDELAYE2/IDELAYE2_FINEDELAY |    0 |     0 |       500 |  0.00 |
| IBUFDS_GTE2                 |    0 |     0 |         2 |  0.00 |
| ILOGIC                      |    0 |     0 |       285 |  0.00 |
| OLOGIC                      |    0 |     0 |       285 |  0.00 |
+-----------------------------+------+-------+-----------+-------+


6. Clocking
-----------

+------------+------+-------+-----------+-------+
|  Site Type | Used | Fixed | Available | Util% |
+------------+------+-------+-----------+-------+
| BUFGCTRL   |    1 |     0 |        32 |  3.13 |
| BUFIO      |    0 |     0 |        40 |  0.00 |
| MMCME2_ADV |    0 |     0 |        10 |  0.00 |
| PLLE2_ADV  |    0 |     0 |        10 |  0.00 |
| BUFMRCE    |    0 |     0 |        20 |  0.00 |
| BUFHCE     |    0 |     0 |       120 |  0.00 |
| BUFR       |    0 |     0 |        40 |  0.00 |
+------------+------+-------+-----------+-------+


7. Specific Feature
-------------------

+-------------+------+-------+-----------+-------+
|  Site Type  | Used | Fixed | Available | Util% |
+-------------+------+-------+-----------+-------+
| BSCANE2     |    0 |     0 |         4 |  0.00 |
| CAPTUREE2   |    0 |     0 |         1 |  0.00 |
| DNA_PORT    |    0 |     0 |         1 |  0.00 |
| EFUSE_USR   |    0 |     0 |         1 |  0.00 |
| FRAME_ECCE2 |    0 |     0 |         1 |  0.00 |
| ICAPE2      |    0 |     0 |         2 |  0.00 |
| PCIE_2_1    |    0 |     0 |         1 |  0.00 |
| STARTUPE2   |    0 |     0 |         1 |  0.00 |
| XADC        |    0 |     0 |         1 |  0.00 |
+-------------+------+-------+-----------+-------+


8. Primitives
-------------

+----------+------+---------------------+
| Ref Name | Used | Functional Category |
+----------+------+---------------------+
| LUT2     | 6215 |                 LUT |
| FDRE     | 3333 |        Flop & Latch |
| CARRY4   | 2154 |          CarryLogic |
| LUT1     | 1822 |                 LUT |
| LUT3     |  950 |                 LUT |
| DSP48E1  |  576 |    Block Arithmetic |
| MUXF7    |  472 |               MuxFx |
| MUXF8    |  233 |               MuxFx |
| LUT4     |  110 |                 LUT |
| LUT5     |  103 |                 LUT |
| LUT6     |  101 |                 LUT |
| IBUF     |   47 |                  IO |
| OBUF     |   41 |                  IO |
| FDSE     |    1 |        Flop & Latch |
| BUFG     |    1 |               Clock |
+----------+------+---------------------+


9. Black Boxes
--------------

+----------+------+
| Ref Name | Used |
+----------+------+


10. Instantiated Netlists
-------------------------

+----------+------+
| Ref Name | Used |
+----------+------+


