21:39:00 INFO  : Registering command handlers for SDK TCF services
21:39:01 INFO  : Launching XSCT server: xsct.bat -interactive C:\ECE532\tutorial5\tut5\Tutorial5\Tutorial5.sdk\temp_xsdb_launch_script.tcl
21:39:04 INFO  : XSCT server has started successfully.
21:39:04 INFO  : Successfully done setting XSCT server connection channel  
21:39:08 INFO  : Successfully done setting SDK workspace  
21:39:08 INFO  : Processing command line option -hwspec C:/ECE532/tutorial5/tut5/Tutorial5/Tutorial5.sdk/design_1_wrapper.hdf.
21:47:07 INFO  : Refreshed build settings on project echo_server
11:47:32 INFO  : Launching XSCT server: xsct.bat -interactive C:\ECE532\tutorial5\tut5\Tutorial5\Tutorial5.sdk\temp_xsdb_launch_script.tcl
11:47:35 INFO  : XSCT server has started successfully.
11:47:39 INFO  : Successfully done setting XSCT server connection channel  
11:47:39 INFO  : Successfully done setting SDK workspace  
11:47:44 INFO  : Registering command handlers for SDK TCF services
11:47:44 INFO  : Processing command line option -hwspec C:/ECE532/tutorial5/tut5/Tutorial5/Tutorial5.sdk/design_1_wrapper.hdf.
11:47:45 INFO  : Checking for hwspec changes in the project design_1_wrapper_hw_platform_0.
19:27:06 INFO  : Registering command handlers for SDK TCF services
19:27:07 INFO  : Launching XSCT server: xsct.bat -interactive C:\ECE532\GITHUB_PRO\ECE532-project\warmup_demo\tut5\Tutorial5\Tutorial5.sdk\temp_xsdb_launch_script.tcl
19:27:10 INFO  : XSCT server has started successfully.
19:27:15 INFO  : Successfully done setting XSCT server connection channel  
19:27:15 INFO  : Successfully done setting SDK workspace  
19:27:15 INFO  : Processing command line option -hwspec C:/ECE532/GITHUB_PRO/ECE532-project/warmup_demo/tut5/Tutorial5/Tutorial5.sdk/design_1_wrapper.hdf.
