#-----------------------------------------------------------
# Webtalk v2018.3 (64-bit)
# SW Build 2405991 on Thu Dec  6 23:38:27 MST 2018
# 
# Start of session at: Tue Jan 30 13:21:19 2024
# Process ID: 54624
# Current directory: C:/ECE532/Trumpet_project/software/webtalk
# Command line: wbtcv.exe -mode batch -source sdk_webtalk.tcl
# Log file: C:/ECE532/Trumpet_project/software/webtalk/webtalk.log
# Journal file: C:/ECE532/Trumpet_project/software/webtalk\webtalk.jou
#-----------------------------------------------------------
source sdk_webtalk.tcl
# webtalk_init -webtalk_dir C:\\ECE532\\Trumpet_project\\software\\webtalk
# webtalk_register_client -client project
# webtalk_add_data -client project -key date_generated -value "2024-01-30 13:21:17" -context "software_version_and_target_device"
# webtalk_add_data -client project -key product_version -value "SDK v2018.3" -context "software_version_and_target_device"
# webtalk_add_data -client project -key build_version -value "2018.3" -context "software_version_and_target_device"
# webtalk_add_data -client project -key os_platform -value "amd64" -context "software_version_and_target_device"
# webtalk_add_data -client project -key registration_id -value "" -context "software_version_and_target_device"
# webtalk_add_data -client project -key tool_flow -value "SDK" -context "software_version_and_target_device"
# webtalk_add_data -client project -key beta -value "false" -context "software_version_and_target_device"
# webtalk_add_data -client project -key route_design -value "NA" -context "software_version_and_target_device"
# webtalk_add_data -client project -key target_family -value "NA" -context "software_version_and_target_device"
# webtalk_add_data -client project -key target_device -value "NA" -context "software_version_and_target_device"
# webtalk_add_data -client project -key target_package -value "NA" -context "software_version_and_target_device"
# webtalk_add_data -client project -key target_speed -value "NA" -context "software_version_and_target_device"
# webtalk_add_data -client project -key random_id -value "61l58nldpv0n74ln5f9db4iurs" -context "software_version_and_target_device"
# webtalk_add_data -client project -key project_id -value "2018.3_15" -context "software_version_and_target_device"
# webtalk_add_data -client project -key project_iteration -value "15" -context "software_version_and_target_device"
# webtalk_add_data -client project -key os_name -value "Microsoft Windows 8 or later , 64-bit" -context "user_environment"
# webtalk_add_data -client project -key os_release -value "major release  (build 9200)" -context "user_environment"
# webtalk_add_data -client project -key cpu_name -value "AMD Ryzen 9 7940HS w/ Radeon 780M Graphics     " -context "user_environment"
# webtalk_add_data -client project -key cpu_speed -value "3992 MHz" -context "user_environment"
# webtalk_add_data -client project -key total_processors -value "1" -context "user_environment"
# webtalk_add_data -client project -key system_ram -value "16.336 GB" -context "user_environment"
# webtalk_register_client -client sdk
# webtalk_add_data -client sdk -key uid -value "1706638712037" -context "sdk\\\\hardware/1706638712037"
# webtalk_add_data -client sdk -key isZynq -value "false" -context "sdk\\\\hardware/1706638712037"
# webtalk_add_data -client sdk -key isZynqMP -value "false" -context "sdk\\\\hardware/1706638712037"
# webtalk_add_data -client sdk -key Processors -value "1" -context "sdk\\\\hardware/1706638712037"
# webtalk_add_data -client sdk -key VivadoVersion -value "2018.3" -context "sdk\\\\hardware/1706638712037"
# webtalk_add_data -client sdk -key Arch -value "artix7" -context "sdk\\\\hardware/1706638712037"
# webtalk_add_data -client sdk -key Device -value "7a100t" -context "sdk\\\\hardware/1706638712037"
# webtalk_add_data -client sdk -key IsHandoff -value "true" -context "sdk\\\\hardware/1706638712037"
# webtalk_add_data -client sdk -key os -value "NA" -context "sdk\\\\hardware/1706638712037"
# webtalk_add_data -client sdk -key apptemplate -value "NA" -context "sdk\\\\hardware/1706638712037"
# webtalk_add_data -client sdk -key RecordType -value "HWCreation" -context "sdk\\\\hardware/1706638712037"
# webtalk_add_data -client sdk -key uid -value "NA" -context "sdk\\\\bsp/1706638877605"
# webtalk_add_data -client sdk -key RecordType -value "ToolUsage" -context "sdk\\\\bsp/1706638877605"
# webtalk_add_data -client sdk -key BootgenCount -value "0" -context "sdk\\\\bsp/1706638877605"
# webtalk_add_data -client sdk -key DebugCount -value "0" -context "sdk\\\\bsp/1706638877605"
# webtalk_add_data -client sdk -key PerfCount -value "0" -context "sdk\\\\bsp/1706638877605"
# webtalk_add_data -client sdk -key FlashCount -value "0" -context "sdk\\\\bsp/1706638877605"
# webtalk_add_data -client sdk -key CrossTriggCount -value "0" -context "sdk\\\\bsp/1706638877605"
# webtalk_add_data -client sdk -key QemuDebugCount -value "0" -context "sdk\\\\bsp/1706638877605"
# webtalk_transmit -clientid 955556122 -regid "" -xml C:\\ECE532\\Trumpet_project\\software\\webtalk\\usage_statistics_ext_sdk.xml -html C:\\ECE532\\Trumpet_project\\software\\webtalk\\usage_statistics_ext_sdk.html -wdm C:\\ECE532\\Trumpet_project\\software\\webtalk\\sdk_webtalk.wdm -intro "<H3>SDK Usage Report</H3><BR>"
# webtalk_terminate
INFO: [Common 17-206] Exiting Webtalk at Tue Jan 30 13:21:21 2024...
