Copyright 1986-2019 Xilinx, Inc. All Rights Reserved.
----------------------------------------------------------------------------------------------
| Tool Version : Vivado v.2018.3.1 (win64) Build 2489853 Tue Mar 26 04:20:25 MDT 2019
| Date         : Fri Mar 29 22:47:50 2024
| Host         : BA3135WS39 running 64-bit major release  (build 9200)
| Command      : report_clock_utilization -file design_1_wrapper_clock_utilization_routed.rpt
| Design       : design_1_wrapper
| Device       : 7a200t-sbg484
| Speed File   : -1  PRODUCTION 1.23 2018-06-13
----------------------------------------------------------------------------------------------

Clock Utilization Report

Table of Contents
-----------------
1. Clock Primitive Utilization
2. Global Clock Resources
3. Global Clock Source Details
4. Clock Regions: Key Resource Utilization
5. Clock Regions : Global Clock Summary
6. Device Cell Placement Summary for Global Clock g0
7. Device Cell Placement Summary for Global Clock g1
8. Device Cell Placement Summary for Global Clock g2
9. Device Cell Placement Summary for Global Clock g3
10. Device Cell Placement Summary for Global Clock g4
11. Clock Region Cell Placement per Global Clock: Region X0Y0
12. Clock Region Cell Placement per Global Clock: Region X1Y0
13. Clock Region Cell Placement per Global Clock: Region X0Y1
14. Clock Region Cell Placement per Global Clock: Region X1Y1
15. Clock Region Cell Placement per Global Clock: Region X0Y2
16. Clock Region Cell Placement per Global Clock: Region X1Y2
17. Clock Region Cell Placement per Global Clock: Region X0Y3
18. Clock Region Cell Placement per Global Clock: Region X1Y3
19. Clock Region Cell Placement per Global Clock: Region X0Y4

1. Clock Primitive Utilization
------------------------------

+----------+------+-----------+-----+--------------+--------+
| Type     | Used | Available | LOC | Clock Region | Pblock |
+----------+------+-----------+-----+--------------+--------+
| BUFGCTRL |    5 |        32 |   0 |            0 |      0 |
| BUFH     |    0 |       120 |   0 |            0 |      0 |
| BUFIO    |    0 |        40 |   0 |            0 |      0 |
| BUFMR    |    0 |        20 |   0 |            0 |      0 |
| BUFR     |    0 |        40 |   0 |            0 |      0 |
| MMCM     |    1 |        10 |   0 |            0 |      0 |
| PLL      |    0 |        10 |   0 |            0 |      0 |
+----------+------+-----------+-----+--------------+--------+


2. Global Clock Resources
-------------------------

+-----------+-----------+-----------------+------------+---------------+--------------+-------------------+-------------+-----------------+--------------+----------------------------------------------------------+---------------------------------------------------------------------+---------------------------------------------------------------+
| Global Id | Source Id | Driver Type/Pin | Constraint | Site          | Clock Region | Load Clock Region | Clock Loads | Non-Clock Loads | Clock Period | Clock                                                    | Driver Pin                                                          | Net                                                           |
+-----------+-----------+-----------------+------------+---------------+--------------+-------------------+-------------+-----------------+--------------+----------------------------------------------------------+---------------------------------------------------------------------+---------------------------------------------------------------+
| g0        | src0      | BUFG/O          | None       | BUFGCTRL_X0Y2 | n/a          |                 9 |        8831 |               0 |       10.000 | Multiple                                                 | design_1_i/clk_wiz_1/inst/clkout1_buf/O                             | design_1_i/clk_wiz_1/inst/clk_out1                            |
| g1        | src1      | BUFG/O          | None       | BUFGCTRL_X0Y3 | n/a          |                 1 |         232 |               0 |       33.333 | design_1_i/mdm_1/U0/Use_E2.BSCAN_I/Use_E2.BSCANE2_I/DRCK | design_1_i/mdm_1/U0/No_Dbg_Reg_Access.BUFG_DRCK/Using_FPGA.Native/O | design_1_i/mdm_1/U0/No_Dbg_Reg_Access.BUFG_DRCK/Ext_JTAG_DRCK |
| g2        | src2      | BUFG/O          | None       | BUFGCTRL_X0Y0 | n/a          |                 2 |          57 |               2 |              |                                                          | design_1_i/spi_controller_0/inst/serial_clock_reg_0_BUFG_inst/O     | design_1_i/spi_controller_0/inst/serial_clock_reg_0_BUFG      |
| g3        | src3      | BUFG/O          | None       | BUFGCTRL_X0Y1 | n/a          |                 2 |          51 |               2 |              |                                                          | design_1_i/i2s_0/inst/bclk_reg_0_BUFG_inst/O                        | design_1_i/i2s_0/inst/bclk_reg_0_BUFG                         |
| g4        | src0      | BUFG/O          | None       | BUFGCTRL_X0Y4 | n/a          |                 1 |           1 |               0 |       10.000 | Multiple                                                 | design_1_i/clk_wiz_1/inst/clkf_buf/O                                | design_1_i/clk_wiz_1/inst/clkfbout_buf_design_1_clk_wiz_1_0   |
+-----------+-----------+-----------------+------------+---------------+--------------+-------------------+-------------+-----------------+--------------+----------------------------------------------------------+---------------------------------------------------------------------+---------------------------------------------------------------+
* Clock Loads column represents the clock pin loads (pin count)
** Non-Clock Loads column represents the non-clock pin loads (pin count)


3. Global Clock Source Details
------------------------------

+-----------+-----------+---------------------+------------+-----------------+--------------+-------------+-----------------+---------------------+----------------------------------------------------------+----------------------------------------------------------+---------------------------------------------------------+
| Source Id | Global Id | Driver Type/Pin     | Constraint | Site            | Clock Region | Clock Loads | Non-Clock Loads | Source Clock Period | Source Clock                                             | Driver Pin                                               | Net                                                     |
+-----------+-----------+---------------------+------------+-----------------+--------------+-------------+-----------------+---------------------+----------------------------------------------------------+----------------------------------------------------------+---------------------------------------------------------+
| src0      | g0        | MMCME2_ADV/CLKOUT0  | None       | MMCME2_ADV_X1Y2 | X1Y2         |           1 |               0 |              10.000 | Multiple                                                 | design_1_i/clk_wiz_1/inst/mmcm_adv_inst/CLKOUT0          | design_1_i/clk_wiz_1/inst/clk_out1_design_1_clk_wiz_1_0 |
| src0      | g4        | MMCME2_ADV/CLKFBOUT | None       | MMCME2_ADV_X1Y2 | X1Y2         |           1 |               0 |              10.000 | Multiple                                                 | design_1_i/clk_wiz_1/inst/mmcm_adv_inst/CLKFBOUT         | design_1_i/clk_wiz_1/inst/clkfbout_design_1_clk_wiz_1_0 |
| src1      | g1        | BSCANE2/DRCK        | None       | BSCAN_X0Y1      | X0Y2         |           1 |               0 |              33.333 | design_1_i/mdm_1/U0/Use_E2.BSCAN_I/Use_E2.BSCANE2_I/DRCK | design_1_i/mdm_1/U0/Use_E2.BSCAN_I/Use_E2.BSCANE2_I/DRCK | design_1_i/mdm_1/U0/Use_E2.BSCAN_I/DRCK                 |
| src2      | g2        | FDPE/Q              | None       | SLICE_X82Y141   | X0Y2         |           1 |               0 |                     |                                                          | design_1_i/spi_controller_0/inst/serial_clock_reg/Q      | design_1_i/spi_controller_0/inst/serial_clock_reg_0     |
| src3      | g3        | FDRE/Q              | None       | SLICE_X85Y140   | X1Y2         |           1 |               0 |                     |                                                          | design_1_i/i2s_0/inst/bclk_reg/Q                         | design_1_i/i2s_0/inst/bclk_reg_0                        |
+-----------+-----------+---------------------+------------+-----------------+--------------+-------------+-----------------+---------------------+----------------------------------------------------------+----------------------------------------------------------+---------------------------------------------------------+
* Clock Loads column represents the clock pin loads (pin count)
** Non-Clock Loads column represents the non-clock pin loads (pin count)


4. Clock Regions: Key Resource Utilization
------------------------------------------

+-------------------+--------------+--------------+--------------+--------------+--------------+--------------+--------------+--------------+--------------+--------------+--------------+--------------+--------------+--------------+--------------+
|                   | Global Clock |     BUFRs    |    BUFMRs    |    BUFIOs    |     MMCM     |      PLL     |      GT      |      PCI     |    ILOGIC    |    OLOGIC    |      FF      |     LUTM     |    RAMB18    |    RAMB36    |    DSP48E2   |
+-------------------+------+-------+------+-------+------+-------+------+-------+------+-------+------+-------+------+-------+------+-------+------+-------+------+-------+------+-------+------+-------+------+-------+------+-------+------+-------+
| Clock Region Name | Used | Avail | Used | Avail | Used | Avail | Used | Avail | Used | Avail | Used | Avail | Used | Avail | Used | Avail | Used | Avail | Used | Avail | Used | Avail | Used | Avail | Used | Avail | Used | Avail | Used | Avail |
+-------------------+------+-------+------+-------+------+-------+------+-------+------+-------+------+-------+------+-------+------+-------+------+-------+------+-------+------+-------+------+-------+------+-------+------+-------+------+-------+
| X0Y0              |    1 |    12 |    0 |     4 |    0 |     2 |    0 |     4 |    0 |     1 |    0 |     1 |    0 |     4 |    0 |     0 |    0 |    50 |    0 |    50 |  149 |  2700 |   33 |   800 |    0 |    60 |    5 |    30 |   50 |    60 |
| X1Y0              |    1 |    12 |    0 |     4 |    0 |     2 |    0 |     4 |    0 |     1 |    0 |     1 |    0 |     4 |    0 |     0 |    0 |    50 |    0 |    50 |   95 |  2500 |   18 |   800 |    0 |    40 |   17 |    20 |   28 |    40 |
| X0Y1              |    1 |    12 |    0 |     4 |    0 |     2 |    0 |     4 |    0 |     1 |    0 |     1 |    0 |     0 |    0 |     0 |    0 |    50 |    0 |    50 | 1336 |  4200 |  223 |  1400 |    0 |   100 |   39 |    50 |   94 |   100 |
| X1Y1              |    3 |    12 |    0 |     4 |    0 |     2 |    0 |     4 |    0 |     1 |    0 |     1 |    0 |     0 |    0 |     0 |    0 |    50 |    0 |    50 | 3844 |  4000 | 1353 |  1400 |    0 |    80 |   40 |    40 |   66 |    80 |
| X0Y2              |    2 |    12 |    0 |     4 |    0 |     2 |    0 |     4 |    0 |     1 |    0 |     1 |    0 |     0 |    0 |     0 |    0 |    50 |    0 |    50 |  608 |  3600 |  119 |  1400 |    0 |   100 |    6 |    50 |   96 |   100 |
| X1Y2              |    4 |    12 |    0 |     4 |    0 |     2 |    0 |     4 |    1 |     1 |    0 |     1 |    0 |     0 |    0 |     0 |    0 |    50 |    0 |    50 |  221 |  4000 |   64 |  1400 |    0 |    80 |   21 |    40 |   75 |    80 |
| X0Y3              |    1 |    12 |    0 |     4 |    0 |     2 |    0 |     4 |    0 |     1 |    0 |     1 |    0 |     0 |    0 |     0 |    0 |    50 |    0 |    50 |  236 |  3600 |  100 |  1400 |    0 |   100 |    0 |    50 |   90 |   100 |
| X1Y3              |    1 |    12 |    0 |     4 |    0 |     2 |    0 |     4 |    0 |     1 |    0 |     1 |    0 |     0 |    0 |     0 |    0 |    50 |    0 |    50 |   72 |  4000 |   10 |  1400 |    0 |    80 |    0 |    40 |   47 |    80 |
| X0Y4              |    1 |    12 |    0 |     4 |    0 |     2 |    0 |     4 |    0 |     1 |    0 |     1 |    0 |     4 |    0 |     1 |    0 |    50 |    0 |    50 |   12 |  2550 |    3 |   750 |    0 |    50 |    0 |    25 |   30 |    60 |
| X1Y4              |    0 |    12 |    0 |     4 |    0 |     2 |    0 |     4 |    0 |     1 |    0 |     1 |    0 |     4 |    0 |     0 |    0 |    50 |    0 |    50 |    0 |  2500 |    0 |   800 |    0 |    40 |    0 |    20 |    0 |    40 |
+-------------------+------+-------+------+-------+------+-------+------+-------+------+-------+------+-------+------+-------+------+-------+------+-------+------+-------+------+-------+------+-------+------+-------+------+-------+------+-------+
* Global Clock column represents track count; while other columns represents cell counts


5. Clock Regions : Global Clock Summary
---------------------------------------

All Modules
+----+----+----+
|    | X0 | X1 |
+----+----+----+
| Y4 |  1 |  0 |
| Y3 |  1 |  1 |
| Y2 |  2 |  4 |
| Y1 |  1 |  3 |
| Y0 |  1 |  1 |
+----+----+----+


6. Device Cell Placement Summary for Global Clock g0
----------------------------------------------------

+-----------+-----------------+-------------------+----------+-------------+---------------+-------------+----------+----------------+----------+------------------------------------+
| Global Id | Driver Type/Pin | Driver Region (D) | Clock    | Period (ns) | Waveform (ns) | Slice Loads | IO Loads | Clocking Loads | GT Loads | Net                                |
+-----------+-----------------+-------------------+----------+-------------+---------------+-------------+----------+----------------+----------+------------------------------------+
| g0        | BUFG/O          | n/a               | Multiple |      10.000 | {0.000 5.000} |        7091 |        0 |              0 |        0 | design_1_i/clk_wiz_1/inst/clk_out1 |
+-----------+-----------------+-------------------+----------+-------------+---------------+-------------+----------+----------------+----------+------------------------------------+
* Logic Loads column represents load cell count of all cell types other than IO, GT and clock resources
** IO Loads column represents load cell count of IO types
*** Clocking Loads column represents load cell count that are clock resources (global clock buffer, MMCM, PLL, etc)
**** GT Loads column represents load cell count of GT types


+----+-------+-------+
|    | X0    | X1    |
+----+-------+-------+
| Y4 |    42 |     0 |
| Y3 |   326 |   119 |
| Y2 |   653 |   268 |
| Y1 |  1469 |  3869 |
| Y0 |   204 |   141 |
+----+-------+-------+


7. Device Cell Placement Summary for Global Clock g1
----------------------------------------------------

+-----------+-----------------+-------------------+----------------------------------------------------------+-------------+----------------+-------------+----------+----------------+----------+---------------------------------------------------------------+
| Global Id | Driver Type/Pin | Driver Region (D) | Clock                                                    | Period (ns) | Waveform (ns)  | Slice Loads | IO Loads | Clocking Loads | GT Loads | Net                                                           |
+-----------+-----------------+-------------------+----------------------------------------------------------+-------------+----------------+-------------+----------+----------------+----------+---------------------------------------------------------------+
| g1        | BUFG/O          | n/a               | design_1_i/mdm_1/U0/Use_E2.BSCAN_I/Use_E2.BSCANE2_I/DRCK |      33.333 | {0.000 16.667} |         232 |        0 |              0 |        0 | design_1_i/mdm_1/U0/No_Dbg_Reg_Access.BUFG_DRCK/Ext_JTAG_DRCK |
+-----------+-----------------+-------------------+----------------------------------------------------------+-------------+----------------+-------------+----------+----------------+----------+---------------------------------------------------------------+
* Logic Loads column represents load cell count of all cell types other than IO, GT and clock resources
** IO Loads column represents load cell count of IO types
*** Clocking Loads column represents load cell count that are clock resources (global clock buffer, MMCM, PLL, etc)
**** GT Loads column represents load cell count of GT types


+----+----+------+
|    | X0 | X1   |
+----+----+------+
| Y4 |  0 |    0 |
| Y3 |  0 |    0 |
| Y2 |  0 |    0 |
| Y1 |  0 |  232 |
| Y0 |  0 |    0 |
+----+----+------+


8. Device Cell Placement Summary for Global Clock g2
----------------------------------------------------

+-----------+-----------------+-------------------+-------+-------------+---------------+-------------+----------+----------------+----------+----------------------------------------------------------+
| Global Id | Driver Type/Pin | Driver Region (D) | Clock | Period (ns) | Waveform (ns) | Slice Loads | IO Loads | Clocking Loads | GT Loads | Net                                                      |
+-----------+-----------------+-------------------+-------+-------------+---------------+-------------+----------+----------------+----------+----------------------------------------------------------+
| g2        | BUFG/O          | n/a               |       |             |               |          58 |        1 |              0 |        0 | design_1_i/spi_controller_0/inst/serial_clock_reg_0_BUFG |
+-----------+-----------------+-------------------+-------+-------------+---------------+-------------+----------+----------------+----------+----------------------------------------------------------+
* Logic Loads column represents load cell count of all cell types other than IO, GT and clock resources
** IO Loads column represents load cell count of IO types
*** Clocking Loads column represents load cell count that are clock resources (global clock buffer, MMCM, PLL, etc)
**** GT Loads column represents load cell count of GT types


+----+-----+----+
|    | X0  | X1 |
+----+-----+----+
| Y4 |   0 |  0 |
| Y3 |   0 |  0 |
| Y2 |  58 |  1 |
| Y1 |   0 |  0 |
| Y0 |   0 |  0 |
+----+-----+----+


9. Device Cell Placement Summary for Global Clock g3
----------------------------------------------------

+-----------+-----------------+-------------------+-------+-------------+---------------+-------------+----------+----------------+----------+---------------------------------------+
| Global Id | Driver Type/Pin | Driver Region (D) | Clock | Period (ns) | Waveform (ns) | Slice Loads | IO Loads | Clocking Loads | GT Loads | Net                                   |
+-----------+-----------------+-------------------+-------+-------------+---------------+-------------+----------+----------------+----------+---------------------------------------+
| g3        | BUFG/O          | n/a               |       |             |               |          52 |        1 |              0 |        0 | design_1_i/i2s_0/inst/bclk_reg_0_BUFG |
+-----------+-----------------+-------------------+-------+-------------+---------------+-------------+----------+----------------+----------+---------------------------------------+
* Logic Loads column represents load cell count of all cell types other than IO, GT and clock resources
** IO Loads column represents load cell count of IO types
*** Clocking Loads column represents load cell count that are clock resources (global clock buffer, MMCM, PLL, etc)
**** GT Loads column represents load cell count of GT types


+----+----+-----+
|    | X0 | X1  |
+----+----+-----+
| Y4 |  0 |   0 |
| Y3 |  0 |   0 |
| Y2 |  0 |  51 |
| Y1 |  0 |   2 |
| Y0 |  0 |   0 |
+----+----+-----+


10. Device Cell Placement Summary for Global Clock g4
-----------------------------------------------------

+-----------+-----------------+-------------------+----------+-------------+---------------+-------------+----------+----------------+----------+-------------------------------------------------------------+
| Global Id | Driver Type/Pin | Driver Region (D) | Clock    | Period (ns) | Waveform (ns) | Slice Loads | IO Loads | Clocking Loads | GT Loads | Net                                                         |
+-----------+-----------------+-------------------+----------+-------------+---------------+-------------+----------+----------------+----------+-------------------------------------------------------------+
| g4        | BUFG/O          | n/a               | Multiple |      10.000 | {0.000 5.000} |           0 |        0 |              1 |        0 | design_1_i/clk_wiz_1/inst/clkfbout_buf_design_1_clk_wiz_1_0 |
+-----------+-----------------+-------------------+----------+-------------+---------------+-------------+----------+----------------+----------+-------------------------------------------------------------+
* Logic Loads column represents load cell count of all cell types other than IO, GT and clock resources
** IO Loads column represents load cell count of IO types
*** Clocking Loads column represents load cell count that are clock resources (global clock buffer, MMCM, PLL, etc)
**** GT Loads column represents load cell count of GT types


+----+----+----+
|    | X0 | X1 |
+----+----+----+
| Y4 |  0 |  0 |
| Y3 |  0 |  0 |
| Y2 |  0 |  1 |
| Y1 |  0 |  0 |
| Y0 |  0 |  0 |
+----+----+----+


11. Clock Region Cell Placement per Global Clock: Region X0Y0
-------------------------------------------------------------

+-----------+-------+-----------------+------------+-------------+-----------------+-----+--------+------+-----+----+------+-----+---------+------------------------------------+
| Global Id | Track | Driver Type/Pin | Constraint | Clock Loads | Non-Clock Loads | FF  | LUTRAM | RAMB | DSP | GT | MMCM | PLL | Hard IP | Net                                |
+-----------+-------+-----------------+------------+-------------+-----------------+-----+--------+------+-----+----+------+-----+---------+------------------------------------+
| g0        | n/a   | BUFG/O          | None       |         204 |               0 | 149 |      0 |    5 |  50 |  0 |    0 |   0 |       0 | design_1_i/clk_wiz_1/inst/clk_out1 |
+-----------+-------+-----------------+------------+-------------+-----------------+-----+--------+------+-----+----+------+-----+---------+------------------------------------+
* Clock Loads column represents the clock pin loads (pin count)
** Non-Clock Loads column represents the non-clock pin loads (pin count)
*** Columns FF, LUTRAM, RAMB through 'Hard IP' represents load cell counts


12. Clock Region Cell Placement per Global Clock: Region X1Y0
-------------------------------------------------------------

+-----------+-------+-----------------+------------+-------------+-----------------+----+--------+------+-----+----+------+-----+---------+------------------------------------+
| Global Id | Track | Driver Type/Pin | Constraint | Clock Loads | Non-Clock Loads | FF | LUTRAM | RAMB | DSP | GT | MMCM | PLL | Hard IP | Net                                |
+-----------+-------+-----------------+------------+-------------+-----------------+----+--------+------+-----+----+------+-----+---------+------------------------------------+
| g0        | n/a   | BUFG/O          | None       |         141 |               0 | 95 |      1 |   17 |  28 |  0 |    0 |   0 |       0 | design_1_i/clk_wiz_1/inst/clk_out1 |
+-----------+-------+-----------------+------------+-------------+-----------------+----+--------+------+-----+----+------+-----+---------+------------------------------------+
* Clock Loads column represents the clock pin loads (pin count)
** Non-Clock Loads column represents the non-clock pin loads (pin count)
*** Columns FF, LUTRAM, RAMB through 'Hard IP' represents load cell counts


13. Clock Region Cell Placement per Global Clock: Region X0Y1
-------------------------------------------------------------

+-----------+-------+-----------------+------------+-------------+-----------------+------+--------+------+-----+----+------+-----+---------+------------------------------------+
| Global Id | Track | Driver Type/Pin | Constraint | Clock Loads | Non-Clock Loads | FF   | LUTRAM | RAMB | DSP | GT | MMCM | PLL | Hard IP | Net                                |
+-----------+-------+-----------------+------------+-------------+-----------------+------+--------+------+-----+----+------+-----+---------+------------------------------------+
| g0        | n/a   | BUFG/O          | None       |        1469 |               0 | 1336 |      0 |   39 |  94 |  0 |    0 |   0 |       0 | design_1_i/clk_wiz_1/inst/clk_out1 |
+-----------+-------+-----------------+------------+-------------+-----------------+------+--------+------+-----+----+------+-----+---------+------------------------------------+
* Clock Loads column represents the clock pin loads (pin count)
** Non-Clock Loads column represents the non-clock pin loads (pin count)
*** Columns FF, LUTRAM, RAMB through 'Hard IP' represents load cell counts


14. Clock Region Cell Placement per Global Clock: Region X1Y1
-------------------------------------------------------------

+-----------+-------+-----------------+------------+-------------+-----------------+------+--------+------+-----+----+------+-----+---------+---------------------------------------------------------------+
| Global Id | Track | Driver Type/Pin | Constraint | Clock Loads | Non-Clock Loads | FF   | LUTRAM | RAMB | DSP | GT | MMCM | PLL | Hard IP | Net                                                           |
+-----------+-------+-----------------+------------+-------------+-----------------+------+--------+------+-----+----+------+-----+---------+---------------------------------------------------------------+
| g0        | n/a   | BUFG/O          | None       |        3869 |               0 | 3632 |    131 |   40 |  66 |  0 |    0 |   0 |       0 | design_1_i/clk_wiz_1/inst/clk_out1                            |
| g1        | n/a   | BUFG/O          | None       |         232 |               0 |  210 |     22 |    0 |   0 |  0 |    0 |   0 |       0 | design_1_i/mdm_1/U0/No_Dbg_Reg_Access.BUFG_DRCK/Ext_JTAG_DRCK |
| g3        | n/a   | BUFG/O          | None       |           2 |               0 |    2 |      0 |    0 |   0 |  0 |    0 |   0 |       0 | design_1_i/i2s_0/inst/bclk_reg_0_BUFG                         |
+-----------+-------+-----------------+------------+-------------+-----------------+------+--------+------+-----+----+------+-----+---------+---------------------------------------------------------------+
* Clock Loads column represents the clock pin loads (pin count)
** Non-Clock Loads column represents the non-clock pin loads (pin count)
*** Columns FF, LUTRAM, RAMB through 'Hard IP' represents load cell counts


15. Clock Region Cell Placement per Global Clock: Region X0Y2
-------------------------------------------------------------

+-----------+-------+-----------------+------------+-------------+-----------------+-----+--------+------+-----+----+------+-----+---------+----------------------------------------------------------+
| Global Id | Track | Driver Type/Pin | Constraint | Clock Loads | Non-Clock Loads | FF  | LUTRAM | RAMB | DSP | GT | MMCM | PLL | Hard IP | Net                                                      |
+-----------+-------+-----------------+------------+-------------+-----------------+-----+--------+------+-----+----+------+-----+---------+----------------------------------------------------------+
| g0        | n/a   | BUFG/O          | None       |         653 |               0 | 551 |      0 |    6 |  96 |  0 |    0 |   0 |       0 | design_1_i/clk_wiz_1/inst/clk_out1                       |
| g2        | n/a   | BUFG/O          | None       |          57 |               1 |  57 |      0 |    0 |   0 |  0 |    0 |   0 |       0 | design_1_i/spi_controller_0/inst/serial_clock_reg_0_BUFG |
+-----------+-------+-----------------+------------+-------------+-----------------+-----+--------+------+-----+----+------+-----+---------+----------------------------------------------------------+
* Clock Loads column represents the clock pin loads (pin count)
** Non-Clock Loads column represents the non-clock pin loads (pin count)
*** Columns FF, LUTRAM, RAMB through 'Hard IP' represents load cell counts


16. Clock Region Cell Placement per Global Clock: Region X1Y2
-------------------------------------------------------------

+-----------+-------+-----------------+------------+-------------+-----------------+-----+--------+------+-----+----+------+-----+---------+-------------------------------------------------------------+
| Global Id | Track | Driver Type/Pin | Constraint | Clock Loads | Non-Clock Loads | FF  | LUTRAM | RAMB | DSP | GT | MMCM | PLL | Hard IP | Net                                                         |
+-----------+-------+-----------------+------------+-------------+-----------------+-----+--------+------+-----+----+------+-----+---------+-------------------------------------------------------------+
| g0        | n/a   | BUFG/O          | None       |         268 |               0 | 172 |      0 |   21 |  75 |  0 |    0 |   0 |       0 | design_1_i/clk_wiz_1/inst/clk_out1                          |
| g2        | n/a   | BUFG/O          | None       |           0 |               1 |   0 |      0 |    0 |   0 |  0 |    0 |   0 |       0 | design_1_i/spi_controller_0/inst/serial_clock_reg_0_BUFG    |
| g3        | n/a   | BUFG/O          | None       |          49 |               2 |  49 |      0 |    0 |   0 |  0 |    0 |   0 |       0 | design_1_i/i2s_0/inst/bclk_reg_0_BUFG                       |
| g4        | n/a   | BUFG/O          | None       |           1 |               0 |   0 |      0 |    0 |   0 |  0 |    1 |   0 |       0 | design_1_i/clk_wiz_1/inst/clkfbout_buf_design_1_clk_wiz_1_0 |
+-----------+-------+-----------------+------------+-------------+-----------------+-----+--------+------+-----+----+------+-----+---------+-------------------------------------------------------------+
* Clock Loads column represents the clock pin loads (pin count)
** Non-Clock Loads column represents the non-clock pin loads (pin count)
*** Columns FF, LUTRAM, RAMB through 'Hard IP' represents load cell counts


17. Clock Region Cell Placement per Global Clock: Region X0Y3
-------------------------------------------------------------

+-----------+-------+-----------------+------------+-------------+-----------------+-----+--------+------+-----+----+------+-----+---------+------------------------------------+
| Global Id | Track | Driver Type/Pin | Constraint | Clock Loads | Non-Clock Loads | FF  | LUTRAM | RAMB | DSP | GT | MMCM | PLL | Hard IP | Net                                |
+-----------+-------+-----------------+------------+-------------+-----------------+-----+--------+------+-----+----+------+-----+---------+------------------------------------+
| g0        | n/a   | BUFG/O          | None       |         326 |               0 | 236 |      0 |    0 |  90 |  0 |    0 |   0 |       0 | design_1_i/clk_wiz_1/inst/clk_out1 |
+-----------+-------+-----------------+------------+-------------+-----------------+-----+--------+------+-----+----+------+-----+---------+------------------------------------+
* Clock Loads column represents the clock pin loads (pin count)
** Non-Clock Loads column represents the non-clock pin loads (pin count)
*** Columns FF, LUTRAM, RAMB through 'Hard IP' represents load cell counts


18. Clock Region Cell Placement per Global Clock: Region X1Y3
-------------------------------------------------------------

+-----------+-------+-----------------+------------+-------------+-----------------+----+--------+------+-----+----+------+-----+---------+------------------------------------+
| Global Id | Track | Driver Type/Pin | Constraint | Clock Loads | Non-Clock Loads | FF | LUTRAM | RAMB | DSP | GT | MMCM | PLL | Hard IP | Net                                |
+-----------+-------+-----------------+------------+-------------+-----------------+----+--------+------+-----+----+------+-----+---------+------------------------------------+
| g0        | n/a   | BUFG/O          | None       |         119 |               0 | 72 |      0 |    0 |  47 |  0 |    0 |   0 |       0 | design_1_i/clk_wiz_1/inst/clk_out1 |
+-----------+-------+-----------------+------------+-------------+-----------------+----+--------+------+-----+----+------+-----+---------+------------------------------------+
* Clock Loads column represents the clock pin loads (pin count)
** Non-Clock Loads column represents the non-clock pin loads (pin count)
*** Columns FF, LUTRAM, RAMB through 'Hard IP' represents load cell counts


19. Clock Region Cell Placement per Global Clock: Region X0Y4
-------------------------------------------------------------

+-----------+-------+-----------------+------------+-------------+-----------------+----+--------+------+-----+----+------+-----+---------+------------------------------------+
| Global Id | Track | Driver Type/Pin | Constraint | Clock Loads | Non-Clock Loads | FF | LUTRAM | RAMB | DSP | GT | MMCM | PLL | Hard IP | Net                                |
+-----------+-------+-----------------+------------+-------------+-----------------+----+--------+------+-----+----+------+-----+---------+------------------------------------+
| g0        | n/a   | BUFG/O          | None       |          42 |               0 | 12 |      0 |    0 |  30 |  0 |    0 |   0 |       0 | design_1_i/clk_wiz_1/inst/clk_out1 |
+-----------+-------+-----------------+------------+-------------+-----------------+----+--------+------+-----+----+------+-----+---------+------------------------------------+
* Clock Loads column represents the clock pin loads (pin count)
** Non-Clock Loads column represents the non-clock pin loads (pin count)
*** Columns FF, LUTRAM, RAMB through 'Hard IP' represents load cell counts



# Location of BUFG Primitives 
set_property LOC BUFGCTRL_X0Y0 [get_cells design_1_i/spi_controller_0/inst/serial_clock_reg_0_BUFG_inst]
set_property LOC BUFGCTRL_X0Y3 [get_cells design_1_i/mdm_1/U0/No_Dbg_Reg_Access.BUFG_DRCK/Using_FPGA.Native]
set_property LOC BUFGCTRL_X0Y1 [get_cells design_1_i/i2s_0/inst/bclk_reg_0_BUFG_inst]
set_property LOC BUFGCTRL_X0Y4 [get_cells design_1_i/clk_wiz_1/inst/clkf_buf]
set_property LOC BUFGCTRL_X0Y2 [get_cells design_1_i/clk_wiz_1/inst/clkout1_buf]

# Location of IO Primitives which is load of clock spine
set_property LOC IOB_X1Y111 [get_cells serial_clock_OBUF_inst]
set_property LOC IOB_X1Y122 [get_cells i2s_bclk_OBUF_inst]

# Location of clock ports
set_property LOC IOB_X1Y124 [get_ports clk_100MHz]

# Clock net "design_1_i/spi_controller_0/inst/serial_clock_reg_0_BUFG" driven by instance "design_1_i/spi_controller_0/inst/serial_clock_reg_0_BUFG_inst" located at site "BUFGCTRL_X0Y0"
#startgroup
create_pblock {CLKAG_design_1_i/spi_controller_0/inst/serial_clock_reg_0_BUFG}
add_cells_to_pblock [get_pblocks  {CLKAG_design_1_i/spi_controller_0/inst/serial_clock_reg_0_BUFG}] [get_cells -filter { PRIMITIVE_GROUP != I/O && IS_PRIMITIVE==1 && PRIMITIVE_LEVEL !=INTERNAL && NAME!=serial_clock_OBUF_inst} -of_object [get_pins -filter {DIRECTION==IN} -of_objects [get_nets -hierarchical -filter {PARENT=="design_1_i/spi_controller_0/inst/serial_clock_reg_0_BUFG"}]]]
resize_pblock [get_pblocks {CLKAG_design_1_i/spi_controller_0/inst/serial_clock_reg_0_BUFG}] -add {CLOCKREGION_X0Y2:CLOCKREGION_X0Y2}
#endgroup

# Clock net "design_1_i/mdm_1/U0/No_Dbg_Reg_Access.BUFG_DRCK/Ext_JTAG_DRCK" driven by instance "design_1_i/mdm_1/U0/No_Dbg_Reg_Access.BUFG_DRCK/Using_FPGA.Native" located at site "BUFGCTRL_X0Y3"
#startgroup
create_pblock {CLKAG_design_1_i/mdm_1/U0/No_Dbg_Reg_Access.BUFG_DRCK/Ext_JTAG_DRCK}
add_cells_to_pblock [get_pblocks  {CLKAG_design_1_i/mdm_1/U0/No_Dbg_Reg_Access.BUFG_DRCK/Ext_JTAG_DRCK}] [get_cells -filter { PRIMITIVE_GROUP != I/O && IS_PRIMITIVE==1 && PRIMITIVE_LEVEL !=INTERNAL } -of_object [get_pins -filter {DIRECTION==IN} -of_objects [get_nets -hierarchical -filter {PARENT=="design_1_i/mdm_1/U0/No_Dbg_Reg_Access.BUFG_DRCK/Ext_JTAG_DRCK"}]]]
resize_pblock [get_pblocks {CLKAG_design_1_i/mdm_1/U0/No_Dbg_Reg_Access.BUFG_DRCK/Ext_JTAG_DRCK}] -add {CLOCKREGION_X1Y1:CLOCKREGION_X1Y1}
#endgroup

# Clock net "design_1_i/i2s_0/inst/bclk_reg_0_BUFG" driven by instance "design_1_i/i2s_0/inst/bclk_reg_0_BUFG_inst" located at site "BUFGCTRL_X0Y1"
#startgroup
create_pblock {CLKAG_design_1_i/i2s_0/inst/bclk_reg_0_BUFG}
add_cells_to_pblock [get_pblocks  {CLKAG_design_1_i/i2s_0/inst/bclk_reg_0_BUFG}] [get_cells -filter { PRIMITIVE_GROUP != I/O && IS_PRIMITIVE==1 && PRIMITIVE_LEVEL !=INTERNAL && NAME!=i2s_bclk_OBUF_inst} -of_object [get_pins -filter {DIRECTION==IN} -of_objects [get_nets -hierarchical -filter {PARENT=="design_1_i/i2s_0/inst/bclk_reg_0_BUFG"}]]]
resize_pblock [get_pblocks {CLKAG_design_1_i/i2s_0/inst/bclk_reg_0_BUFG}] -add {CLOCKREGION_X1Y1:CLOCKREGION_X1Y1 CLOCKREGION_X1Y2:CLOCKREGION_X1Y2}
#endgroup

# Clock net "design_1_i/clk_wiz_1/inst/clk_out1" driven by instance "design_1_i/clk_wiz_1/inst/clkout1_buf" located at site "BUFGCTRL_X0Y2"
#startgroup
create_pblock {CLKAG_design_1_i/clk_wiz_1/inst/clk_out1}
add_cells_to_pblock [get_pblocks  {CLKAG_design_1_i/clk_wiz_1/inst/clk_out1}] [get_cells -filter { PRIMITIVE_GROUP != I/O && IS_PRIMITIVE==1 && PRIMITIVE_LEVEL !=INTERNAL } -of_object [get_pins -filter {DIRECTION==IN} -of_objects [get_nets -hierarchical -filter {PARENT=="design_1_i/clk_wiz_1/inst/clk_out1"}]]]
resize_pblock [get_pblocks {CLKAG_design_1_i/clk_wiz_1/inst/clk_out1}] -add {CLOCKREGION_X0Y0:CLOCKREGION_X0Y0 CLOCKREGION_X0Y1:CLOCKREGION_X0Y1 CLOCKREGION_X0Y2:CLOCKREGION_X0Y2 CLOCKREGION_X0Y3:CLOCKREGION_X0Y3 CLOCKREGION_X0Y4:CLOCKREGION_X0Y4 CLOCKREGION_X1Y0:CLOCKREGION_X1Y0 CLOCKREGION_X1Y1:CLOCKREGION_X1Y1 CLOCKREGION_X1Y2:CLOCKREGION_X1Y2 CLOCKREGION_X1Y3:CLOCKREGION_X1Y3}
#endgroup
